Total lab periods: 20
Assigned lab session 2 for class 0 with teacher 1 at periods 28 to 29
Assigned lab session 4 for class 0 with teacher 1 at periods 16 to 17
Assigned lab session 6 for class 0 with teacher 1 at periods 34 to 35
Assigned lab session 2 for class 0 with teacher 2 at periods 9 to 10
Assigned lab session 4 for class 0 with teacher 2 at periods 1 to 2
Assigned lab session 2 for class 1 with teacher 9 at periods 32 to 33
Assigned lab session 4 for class 1 with teacher 9 at periods 12 to 13
Assigned lab session 2 for class 2 with teacher 10 at periods 12 to 13
Assigned lab session 4 for class 2 with teacher 10 at periods 32 to 33
Assigned lab session 6 for class 2 with teacher 10 at periods 7 to 8

========== Class 0 ==========
        P  1   P  2   P  3   P  4   P  5   P  6   
Monday    free  S3(lab 1)S3(lab 1)  S6     S6    free  
Tuesday    S5    free    S7   S3(lab 1)S3(lab 1)  S5   
Wednesday  S9    free   free    S9   S2(lab 1)S2(lab 1)
Thursday  foyer   S8    free   free    S6     S9   
Friday     S7     S8    free   free  S2(lab 1)S2(lab 1)
Saturday   iic    iic   free   free  S2(lab 1)S2(lab 1)

========== Class 1 ==========
        P  1   P  2   P  3   P  4   P  5   P  6   
Monday     S4     S9     S4     S5    free   free  
Tuesday   free    S5    free    S9     S7    free  
WednesdayS10(lab 1)S10(lab 1) free   free    S6    free  
Thursday  foyer  free    S4    free    S5    free  
Friday    free    S7     S4    free    S5     S6   
Saturday   iic    iic  S10(lab 1)S10(lab 1) free    S6   

========== Class 2 ==========
        P  1   P  2   P  3   P  4   P  5   P  6   
Monday    free    S7    free    S4    free    S3   
Tuesday    S3   S11(lab 2)S11(lab 2)  S4     S4    free  
WednesdayS11(lab 2)S11(lab 2)  S3     S5     S3     S5   
Thursday  foyer   S10    S5    free    S4     S10  
Friday     S10    S5     S7     S5    free    S10  
Saturday   iic    iic  S11(lab 2)S11(lab 2)  S3    free  

========== Class 3 ==========
        P  1   P  2   P  3   P  4   P  5   P  6   
Monday     S10    S4    free   free    S4     S11  
Tuesday   free    S8     S4     S12    S12    S4   
Wednesday free   free   free   free   free   free  
Thursday  foyer   S1     S11   free    S1     S11  
Friday     S12    S12    S8     S11    S10   free  
Saturday   iic    iic    S1     S1    free   free  

========== Class 4 ==========
        P  1   P  2   P  3   P  4   P  5   P  6   
Monday    free    S2     S1     S2     S5     S2   
Tuesday    S8     S1     S5    free    S2    free  
Wednesday free   free    S1    free    S5     S1   
Thursday  foyer   S3    free    S3    free   free  
Friday     S3     S3     S3    free    S8     S5   
Saturday   iic    iic    S2     S5    free    S1   
