
========== Class 0 ==========
        P  1   P  2   P  3   P  4   P  5   P  6   
Monday    Manoj Kavita  Anil  Kavita  Manoj   f1   
Tuesday  Kavita Kavita Sanjay  Aditi  Anil    f1   
Wednesday Pooja  Pooja Sanjay Sanjay Kavita  Aditi 
Thursday  foyer   f1     f1    Aditi  Manoj Sanjay 
Friday    Pooja  Aditi   f1    Anil   Anil    f1   
Saturday   iic    iic   Pooja  Anil  Sanjay  Aditi 

========== Class 1 ==========
        P  1   P  2   P  3   P  4   P  5   P  6   
Monday   Kavita   f2   Kavita   f2   Kavita   f2   
Tuesday    f2    Manoj  Manoj  Anil  Kavita  Anil  
Wednesday  f2    Aditi  Anil   Aditi  Anil  Kavita 
Thursday  foyer  Manoj  Aditi  Pooja  Anil   Aditi 
Friday   Sanjay Sanjay Sanjay  Pooja Sanjay  Manoj 
Saturday   iic    iic  Sanjay  Aditi  Pooja  Pooja 

========== Class 2 ==========
        P  1   P  2   P  3   P  4   P  5   P  6   
Monday    Rohit  Rahul  Rohit Vikram   f3     f3   
Tuesday  Rajesh   f3    Rahul Vikram   f3    Rohit 
Wednesday  f3    Anil   Rohit  Priya  Priya Rajesh 
Thursday  foyer Vikram  Anil   Priya Rajesh  Anil  
Friday    Priya Rajesh  Rahul  Rohit Vikram Rajesh 
Saturday   iic    iic   Rahul  Priya  Rahul Vikram 

========== Class 3 ==========
        P  1   P  2   P  3   P  4   P  5   P  6   
Monday    Anil   Anil    f4    Priya  Anil   Rohit 
Tuesday   Priya  Rahul  Rohit  Pooja  Ritu   Pooja 
Wednesday  f4     f4    Ritu   Pooja  Rohit  Anil  
Thursday  foyer  Rohit  Priya  Rahul   f4     f4   
Friday     f4    Pooja  Pooja  Rahul  Ritu   Ritu  
Saturday   iic    iic   Ritu   Rahul  Rohit  Anil  

========== Class 4 ==========
        P  1   P  2   P  3   P  4   P  5   P  6   
Monday   Sanjay  Sneha  Nisha  Rahul  Sneha  Sneha 
Tuesday   Rahul  Priya  Sneha Kavita  Priya   f5   
WednesdaySanjay Kavita  Priya  Rahul Sanjay  Rahul 
Thursday  foyer  Nisha   f5   Kavita Sanjay   f5   
Friday    Nisha  Sneha  Nisha Sanjay  Nisha   f5   
Saturday   iic    iic    f5   Kavita Kavita  Rahul 

========== Class 5 ==========
        P  1   P  2   P  3   P  4   P  5   P  6   
Monday    Sneha  Ritu   Rahul Sanjay  Ritu  Sanjay 
Tuesday  Sanjay  Sneha  Ritu   Rahul   f6   Sanjay 
Wednesday Sneha  Sneha Kavita Rajesh   f6     f6   
Thursday  foyer Kavita Kavita   f6   Kavita  Rahul 
Friday   Rajesh  Priya  Priya Kavita  Priya  Priya 
Saturday   iic    iic   Priya Rajesh  Sneha   f6   

========== Class 6 ==========
        P  1   P  2   P  3   P  4   P  5   P  6   
Monday    Rahul Vikram  Priya  Sneha  Rohit  Rahul 
Tuesday  Vikram   f7   Rajesh  Rohit  Rohit Rajesh 
Wednesday Nisha  Priya  Nisha  Rohit  Nisha  Priya 
Thursday  foyer   f7    Sneha  Nisha  Sneha  Sneha 
Friday   Vikram  Rohit  Sneha   f7     f7    Rahul 
Saturday   iic    iic  Rajesh   f7    Priya  Nisha 

========== Class 7 ==========
        P  1   P  2   P  3   P  4   P  5   P  6   
Monday   Vikram   f8   Sameer Rajesh Vikram Vikram 
Tuesday    f8    Rohit   f8    Richa  Rahul Vikram 
Wednesday Rohit  Rohit  Rahul  Sneha  Richa  Sneha 
Thursday  foyer  Sneha  Richa  Richa Vikram Sameer 
Friday   Sameer  Rahul Rajesh  Sneha   f8    Rohit 
Saturday   iic    iic   Sneha  Richa Rajesh Sameer 
[[0, 0, 0, 0, 0, 1, 0, 0, 0, 0, 0, 0, 0, 0, 0, 0, 0, 2, 0, 0, 0, 0, 0, 0, 0, [0, 1, 2, 3, 4, 5, 6, 7, 8, 9, 10, 11, 12, 13, 14, 15, 16, 17, 18, 19, 20, 21, 22, 23, 24]], [0, 0, 0, 0, 0, 0, 0, 0, 0, 0, 0, 0, 0, 0, 0, 0, 0, 0, 3, 0, 0, 0, 0, 0, 0, [0, 1, 2, 3, 4, 5, 6, 7, 8, 9, 10, 11, 12, 13, 14, 15, 16, 17, 18, 19, 20, 21, 22, 23, 24]], [0, 0, 0, 2, 0, 0, 0, 0, 0, 0, 0, 0, 0, 0, 0, 0, 0, 0, 0, 1, 0, 0, 0, 0, 0, [0, 1, 2, 3, 4, 5, 6, 7, 8, 9, 10, 11, 12, 13, 14, 15, 16, 17, 18, 19, 20, 21, 22, 23, 24]], [0, 0, 0, 0, 0, 0, 2, 0, 1, 0, 0, 0, 0, 0, 0, 0, 0, 0, 0, 0, 0, 0, 0, 0, 0, [0, 1, 2, 3, 4, 5, 6, 7, 8, 9, 10, 11, 12, 13, 14, 15, 16, 17, 18, 19, 20, 21, 22, 23, 24]], [0, 0, 0, 0, 0, 0, 2, 0, 0, 0, 0, 0, 0, 0, 0, 0, 0, 0, 0, 0, 0, 1, 0, 0, 0, [0, 1, 2, 3, 4, 5, 6, 7, 8, 9, 10, 11, 12, 13, 14, 15, 16, 17, 18, 19, 20, 21, 22, 23, 24]], [0, 1, 0, 0, 0, 0, 0, 0, 0, 0, 2, 0, 0, 0, 0, 0, 0, 0, 0, 0, 0, 0, 0, 0, 0, [0, 1, 2, 3, 4, 5, 6, 7, 8, 9, 10, 11, 12, 13, 14, 15, 16, 17, 18, 19, 20, 21, 22, 23, 24]], [0, 0, 0, 0, 0, 0, 1, 0, 0, 0, 0, 0, 0, 0, 0, 2, 0, 0, 0, 0, 0, 0, 0, 0, 0, [0, 1, 2, 3, 4, 5, 6, 7, 8, 9, 10, 11, 12, 13, 14, 15, 16, 17, 18, 19, 20, 21, 22, 23, 24]], [0, 0, 0, 0, 0, 0, 0, 1, 0, 0, 0, 0, 0, 1, 0, 0, 0, 0, 0, 0, 0, 0, 0, 0, 1, [0, 1, 2, 3, 4, 5, 6, 7, 8, 9, 10, 11, 12, 13, 14, 15, 16, 17, 18, 19, 20, 21, 22, 23, 24]]]
